-------------------------------------------------------------------------------
Test set: TicketManagerTest
-------------------------------------------------------------------------------
Tests run: 5, Failures: 1, Errors: 0, Skipped: 0, Time elapsed: 0.063 s <<< FAILURE! - in TicketManagerTest
shouldSearchDep  Time elapsed: 0.016 s  <<< FAILURE!
org.opentest4j.AssertionFailedError: array lengths differ, expected: <2> but was: <1>
	at TicketManagerTest.shouldSearchDep(TicketManagerTest.java:40)

